<?xml version="1.0" encoding="UTF-8"?>
<testsuite name="com.group.libraryapp.calculator.CalculatorTest" tests="1" skipped="0" failures="0" errors="0" timestamp="2022-12-13T16:02:02" hostname="DESKTOP-A5ISLOC" time="0.164">
  <properties/>
  <testcase name="addTest()" classname="com.group.libraryapp.calculator.CalculatorTest" time="0.164"/>
  <system-out><![CDATA[]]></system-out>
  <system-err><![CDATA[]]></system-err>
</testsuite>
